           *******************************************************
                            Listing of SPARK Text
                              Examiner GPL 2012
             Copyright (C) 2012 Altran Praxis Limited, Bath, U.K.
           *******************************************************


                        DATE : 10-FEB-2017 12:26:46.78

Line
   1  def permutation(n):
      ^1
*** (  1)  Syntax Error      : No COMPILATION_UNIT can start with IDENTIFIER.
--- (  2)  Warning           :430: SLI generation abandoned owing to syntax or 
           semantic errors or multiple units in a single source file.

   2  	""" Engendre toutes les permutations de n """
   3  	strn = str(n)
   4  
   5  	if len(strn)==1:
   6  		return [strn]
   7  	
   8  	result = []
   9  	for i, v in enumerate(strn):
  10  		for p in permutation(strn[:i] + strn[i+1:]):
  11  			result.append(v + p)
  12  
  13  	return result
  14  
  15  #tests
      ^3
*** (  3)  Lexical Error     : Illegal token - Token ignored.

  16  #print(permutation(1))
      ^4
*** (  4)  Lexical Error     : Illegal token - Token ignored.

  17  #print(permutation(12))
      ^5
*** (  5)  Lexical Error     : Illegal token - Token ignored.

  18  #print(permutation(123))
      ^6
*** (  6)  Lexical Error     : Illegal token - Token ignored.

  19  #print(permutation(8787))
      ^7
*** (  7)  Lexical Error     : Illegal token - Token ignored.

  20  	
  21  
  22  def allWords(alphabet, n):
  23  	""" Engendre tous les mots de longueur n possible avec l'alphabet alphabet """
  24  	
  25  	if n == 0:
  26  		return []
  27  
  28  	if n == 1:
  29  		return alphabet	
  30  
  31  	result = []
  32  	for l in alphabet:
  33  		for p in allWords(alphabet, n-1):
  34  			result.append(l + p)
  35  	
  36  	return result
  37  
  38  #tests
      ^8
*** (  8)  Lexical Error     : Illegal token - Token ignored.

  39  #alphabet = ["a", "b", "c"]
      ^9
*** (  9)  Lexical Error     : Illegal token - Token ignored.

  40  #print(allWords(alphabet, 0))
      ^10
*** ( 10)  Lexical Error     : Illegal token - Token ignored.

  41  #print(allWords(alphabet, 1))
      ^11
*** ( 11)  Lexical Error     : Illegal token - Token ignored.

  42  #print(allWords(alphabet, 2))
      ^12
*** ( 12)  Lexical Error     : Illegal token - Token ignored.

  43  #print(allWords(alphabet, 4))
      ^13
*** ( 13)  Lexical Error     : Illegal token - Token ignored.


Note: Flow analysis mode is automatic


--End of file--------------------------------------------------
